app/build/intermediates/manifest_merge_blame_file/debug/manifest-merger-blame-debug-report.txt
1<?xml version="1.0" encoding="utf-8"?>
2<manifest xmlns:android="http://schemas.android.com/apk/res/android"
3    package="com.example.imageclassificationkotlin"
4    android:versionCode="1"
5    android:versionName="1.0" >
6
7    <uses-sdk
8        android:minSdkVersion="26"
8-->src\main\AndroidManifest.xml
9        android:targetSdkVersion="30" />
9-->src\main\AndroidManifest.xml
10
11    <uses-permission android:name="android.permission.WRITE_EXTERNAL_STORAGE" />
11-->src\main\AndroidManifest.xml:5:5-80
11-->src\main\AndroidManifest.xml:5:22-78
12    <uses-permission android:name="android.permission.CAMERA" />
12-->src\main\AndroidManifest.xml:6:5-64
12-->src\main\AndroidManifest.xml:6:22-62
13
14    <!-- Although the *SdkVersion is captured in gradle build files, this is required for non gradle builds -->
15    <!-- <uses-sdk android:minSdkVersion="14"/> -->
16    <uses-permission android:name="android.permission.ACCESS_NETWORK_STATE" />
16-->[com.google.android.datatransport:transport-backend-cct:2.3.3] AndroidManifest.xml:25:5-79
16-->[com.google.android.datatransport:transport-backend-cct:2.3.3] AndroidManifest.xml:25:22-76
17    <uses-permission android:name="android.permission.INTERNET" />
17-->[com.google.android.datatransport:transport-backend-cct:2.3.3] AndroidManifest.xml:26:5-67
17-->[com.google.android.datatransport:transport-backend-cct:2.3.3] AndroidManifest.xml:26:22-64
18
19    <application
19-->src\main\AndroidManifest.xml:7:5-21:19
20        android:allowBackup="true"
20-->src\main\AndroidManifest.xml:8:9-35
21        android:appComponentFactory="androidx.core.app.CoreComponentFactory"
21-->[androidx.core:core:1.3.2] AndroidManifest.xml:24:18-86
22        android:debuggable="true"
23        android:extractNativeLibs="false"
24        android:icon="@mipmap/ic_launcher"
24-->src\main\AndroidManifest.xml:9:9-43
25        android:label="@string/app_name"
25-->src\main\AndroidManifest.xml:10:9-41
26        android:roundIcon="@mipmap/ic_launcher_round"
26-->src\main\AndroidManifest.xml:11:9-54
27        android:supportsRtl="true"
27-->src\main\AndroidManifest.xml:12:9-35
28        android:testOnly="true"
29        android:theme="@style/Theme.ImageClassificationKotlin" >
29-->src\main\AndroidManifest.xml:13:9-63
30        <activity android:name="com.example.imageclassificationkotlin.MainActivity" >
30-->src\main\AndroidManifest.xml:14:9-20:20
30-->src\main\AndroidManifest.xml:14:19-47
31            <intent-filter>
31-->src\main\AndroidManifest.xml:15:13-19:29
32                <action android:name="android.intent.action.MAIN" />
32-->src\main\AndroidManifest.xml:16:17-69
32-->src\main\AndroidManifest.xml:16:25-66
33
34                <category android:name="android.intent.category.LAUNCHER" />
34-->src\main\AndroidManifest.xml:18:17-77
34-->src\main\AndroidManifest.xml:18:27-74
35            </intent-filter>
36        </activity>
37
38        <service
38-->[com.google.android.gms:play-services-mlkit-barcode-scanning:18.3.0] AndroidManifest.xml:9:9-15:19
39            android:name="com.google.mlkit.common.internal.MlKitComponentDiscoveryService"
39-->[com.google.android.gms:play-services-mlkit-barcode-scanning:18.3.0] AndroidManifest.xml:10:13-91
40            android:directBootAware="true"
40-->[com.google.mlkit:common:18.9.0] AndroidManifest.xml:17:13-43
41            android:exported="false" >
41-->[com.google.android.gms:play-services-mlkit-barcode-scanning:18.3.0] AndroidManifest.xml:11:13-37
42            <meta-data
42-->[com.google.android.gms:play-services-mlkit-barcode-scanning:18.3.0] AndroidManifest.xml:12:13-14:85
43                android:name="com.google.firebase.components:com.google.mlkit.vision.barcode.internal.BarcodeRegistrar"
43-->[com.google.android.gms:play-services-mlkit-barcode-scanning:18.3.0] AndroidManifest.xml:13:17-120
44                android:value="com.google.firebase.components.ComponentRegistrar" />
44-->[com.google.android.gms:play-services-mlkit-barcode-scanning:18.3.0] AndroidManifest.xml:14:17-82
45            <meta-data
45-->[com.google.mlkit:vision-common:17.3.0] AndroidManifest.xml:12:13-14:85
46                android:name="com.google.firebase.components:com.google.mlkit.vision.common.internal.VisionCommonRegistrar"
46-->[com.google.mlkit:vision-common:17.3.0] AndroidManifest.xml:13:17-124
47                android:value="com.google.firebase.components.ComponentRegistrar" />
47-->[com.google.mlkit:vision-common:17.3.0] AndroidManifest.xml:14:17-82
48            <meta-data
48-->[com.google.mlkit:common:18.9.0] AndroidManifest.xml:20:13-22:85
49                android:name="com.google.firebase.components:com.google.mlkit.common.internal.CommonComponentRegistrar"
49-->[com.google.mlkit:common:18.9.0] AndroidManifest.xml:21:17-120
50                android:value="com.google.firebase.components.ComponentRegistrar" />
50-->[com.google.mlkit:common:18.9.0] AndroidManifest.xml:22:17-82
51        </service>
52
53        <provider
53-->[com.google.mlkit:common:18.9.0] AndroidManifest.xml:9:9-13:38
54            android:name="com.google.mlkit.common.internal.MlKitInitProvider"
54-->[com.google.mlkit:common:18.9.0] AndroidManifest.xml:10:13-78
55            android:authorities="com.example.imageclassificationkotlin.mlkitinitprovider"
55-->[com.google.mlkit:common:18.9.0] AndroidManifest.xml:11:13-69
56            android:exported="false"
56-->[com.google.mlkit:common:18.9.0] AndroidManifest.xml:12:13-37
57            android:initOrder="99" />
57-->[com.google.mlkit:common:18.9.0] AndroidManifest.xml:13:13-35
58
59        <activity
59-->[com.google.android.gms:play-services-base:18.1.0] AndroidManifest.xml:20:9-22:45
60            android:name="com.google.android.gms.common.api.GoogleApiActivity"
60-->[com.google.android.gms:play-services-base:18.1.0] AndroidManifest.xml:20:19-85
61            android:exported="false"
61-->[com.google.android.gms:play-services-base:18.1.0] AndroidManifest.xml:22:19-43
62            android:theme="@android:style/Theme.Translucent.NoTitleBar" />
62-->[com.google.android.gms:play-services-base:18.1.0] AndroidManifest.xml:21:19-78
63
64        <meta-data
64-->[com.google.android.gms:play-services-basement:18.1.0] AndroidManifest.xml:21:9-23:69
65            android:name="com.google.android.gms.version"
65-->[com.google.android.gms:play-services-basement:18.1.0] AndroidManifest.xml:22:13-58
66            android:value="@integer/google_play_services_version" />
66-->[com.google.android.gms:play-services-basement:18.1.0] AndroidManifest.xml:23:13-66
67
68        <service
68-->[com.google.android.datatransport:transport-backend-cct:2.3.3] AndroidManifest.xml:29:9-35:19
69            android:name="com.google.android.datatransport.runtime.backends.TransportBackendDiscovery"
69-->[com.google.android.datatransport:transport-backend-cct:2.3.3] AndroidManifest.xml:30:13-103
70            android:exported="false" >
70-->[com.google.android.datatransport:transport-backend-cct:2.3.3] AndroidManifest.xml:31:13-37
71            <meta-data
71-->[com.google.android.datatransport:transport-backend-cct:2.3.3] AndroidManifest.xml:32:13-34:39
72                android:name="backend:com.google.android.datatransport.cct.CctBackendFactory"
72-->[com.google.android.datatransport:transport-backend-cct:2.3.3] AndroidManifest.xml:33:17-94
73                android:value="cct" />
73-->[com.google.android.datatransport:transport-backend-cct:2.3.3] AndroidManifest.xml:34:17-36
74        </service>
75        <service
75-->[com.google.android.datatransport:transport-runtime:2.2.6] AndroidManifest.xml:26:9-30:19
76            android:name="com.google.android.datatransport.runtime.scheduling.jobscheduling.JobInfoSchedulerService"
76-->[com.google.android.datatransport:transport-runtime:2.2.6] AndroidManifest.xml:27:13-117
77            android:exported="false"
77-->[com.google.android.datatransport:transport-runtime:2.2.6] AndroidManifest.xml:28:13-37
78            android:permission="android.permission.BIND_JOB_SERVICE" >
78-->[com.google.android.datatransport:transport-runtime:2.2.6] AndroidManifest.xml:29:13-69
79        </service>
80
81        <receiver
81-->[com.google.android.datatransport:transport-runtime:2.2.6] AndroidManifest.xml:32:9-34:40
82            android:name="com.google.android.datatransport.runtime.scheduling.jobscheduling.AlarmManagerSchedulerBroadcastReceiver"
82-->[com.google.android.datatransport:transport-runtime:2.2.6] AndroidManifest.xml:33:13-132
83            android:exported="false" />
83-->[com.google.android.datatransport:transport-runtime:2.2.6] AndroidManifest.xml:34:13-37
84    </application>
85
86</manifest>